已經開始建置於 2016/1/12 上午 09:14:50。
     1>節點 2 (build 目標) 上的專案 "C:\Users\sars0_000\Documents\Visual Studio 2010\Projects\homework0922\homework0922\homework0922.vcxproj"。
     1>InitializeBuildStatus:
         由於指定了 "AlwaysCreate"，因此正在建立 "Release\homework0922.unsuccessfulbuild"。
       GenerateTargetFrameworkMonikerAttribute:
       將略過目標 "GenerateTargetFrameworkMonikerAttribute"，因為所有輸出檔對於其輸入檔而言都已更新。
       ClCompile:
         所有輸出都是最新的。
         C:\Program Files (x86)\Microsoft Visual Studio 10.0\VC\bin\CL.exe /c /AI"C:\Program Files (x86)\Reference Assemblies\Microsoft\Framework\.NETFramework\v4.0" /Zi /clr:pure /nologo /W3 /WX- /O2 /Oy- /D WIN32 /D NDEBUG /D _UNICODE /D UNICODE /EHa /MD /GS /fp:precise /Zc:wchar_t /Zc:forScope /Yu"StdAfx.h" /Fp"Release\homework0922.pch" /Fo"Release\\" /Fd"Release\vc100.pdb" /TP /FU"C:\Program Files (x86)\Reference Assemblies\Microsoft\Framework\.NETFramework\v4.0\System.Core.dll" /FU"C:\Program Files (x86)\Reference Assemblies\Microsoft\Framework\.NETFramework\v4.0\System.Data.dll" /FU"C:\Program Files (x86)\Reference Assemblies\Microsoft\Framework\.NETFramework\v4.0\System.dll" /FU"C:\Program Files (x86)\Reference Assemblies\Microsoft\Framework\.NETFramework\v4.0\System.Drawing.dll" /FU"C:\Program Files (x86)\Reference Assemblies\Microsoft\Framework\.NETFramework\v4.0\System.Windows.Forms.dll" /FU"C:\Program Files (x86)\Reference Assemblies\Microsoft\Framework\.NETFramework\v4.0\System.Xml.dll" /analyze- /errorReport:prompt homework0922.cpp /clr:nostdlib 
         homework0922.cpp
     1>c:\users\sars0_000\documents\visual studio 2010\projects\homework0922\homework0922\Form1.h(1562): warning C4244: '引數' : 將 'double' 轉換為 'int'，由於型別不同，可能導致資料遺失
     1>c:\users\sars0_000\documents\visual studio 2010\projects\homework0922\homework0922\Form1.h(1605): warning C4244: '=' : 將 'double' 轉換為 'float'，由於型別不同，可能導致資料遺失
     1>c:\users\sars0_000\documents\visual studio 2010\projects\homework0922\homework0922\Form1.h(2067): warning C4244: '=' : 將 'double' 轉換為 'unsigned char'，由於型別不同，可能導致資料遺失
     1>c:\users\sars0_000\documents\visual studio 2010\projects\homework0922\homework0922\Form1.h(2068): warning C4244: '=' : 將 'double' 轉換為 'unsigned char'，由於型別不同，可能導致資料遺失
     1>c:\users\sars0_000\documents\visual studio 2010\projects\homework0922\homework0922\Form1.h(2069): warning C4244: '=' : 將 'double' 轉換為 'unsigned char'，由於型別不同，可能導致資料遺失
     1>c:\users\sars0_000\documents\visual studio 2010\projects\homework0922\homework0922\Form1.h(2024): warning C4101: 'b' : 未參考的區域變數
     1>c:\users\sars0_000\documents\visual studio 2010\projects\homework0922\homework0922\Form1.h(2024): warning C4101: 'g' : 未參考的區域變數
     1>c:\users\sars0_000\documents\visual studio 2010\projects\homework0922\homework0922\Form1.h(2024): warning C4101: 'gx1' : 未參考的區域變數
     1>c:\users\sars0_000\documents\visual studio 2010\projects\homework0922\homework0922\Form1.h(2024): warning C4101: 'r' : 未參考的區域變數
     1>c:\users\sars0_000\documents\visual studio 2010\projects\homework0922\homework0922\Form1.h(2024): warning C4101: 'm' : 未參考的區域變數
     1>c:\users\sars0_000\documents\visual studio 2010\projects\homework0922\homework0922\Form1.h(2024): warning C4101: 'gy1' : 未參考的區域變數
     1>c:\users\sars0_000\documents\visual studio 2010\projects\homework0922\homework0922\Form1.h(2153): warning C4553: '==' : 運算子無效; 要使用 '=' 嗎?
     1>c:\users\sars0_000\documents\visual studio 2010\projects\homework0922\homework0922\Form1.h(2264): warning C4244: '=' : 將 'double' 轉換為 'int'，由於型別不同，可能導致資料遺失
     1>c:\users\sars0_000\documents\visual studio 2010\projects\homework0922\homework0922\Form1.h(2272): warning C4244: '=' : 將 'double' 轉換為 'unsigned char'，由於型別不同，可能導致資料遺失
     1>c:\users\sars0_000\documents\visual studio 2010\projects\homework0922\homework0922\Form1.h(2377): warning C4244: '=' : 將 'double' 轉換為 'unsigned char'，由於型別不同，可能導致資料遺失
     1>c:\users\sars0_000\documents\visual studio 2010\projects\homework0922\homework0922\Form1.h(2498): warning C4244: '=' : 將 'double' 轉換為 'unsigned char'，由於型別不同，可能導致資料遺失
     1>c:\users\sars0_000\documents\visual studio 2010\projects\homework0922\homework0922\Form1.h(2519): warning C4244: '正在初始化' : 將 'double' 轉換為 'int'，由於型別不同，可能導致資料遺失
     1>c:\users\sars0_000\documents\visual studio 2010\projects\homework0922\homework0922\Form1.h(2520): warning C4244: '正在初始化' : 將 'double' 轉換為 'int'，由於型別不同，可能導致資料遺失
     1>c:\users\sars0_000\documents\visual studio 2010\projects\homework0922\homework0922\Form1.h(2578): warning C4244: '正在初始化' : 將 'double' 轉換為 'int'，由於型別不同，可能導致資料遺失
     1>c:\users\sars0_000\documents\visual studio 2010\projects\homework0922\homework0922\Form1.h(2579): warning C4244: '正在初始化' : 將 'double' 轉換為 'int'，由於型別不同，可能導致資料遺失
     1>c:\users\sars0_000\documents\visual studio 2010\projects\homework0922\homework0922\Form1.h(2770): warning C4244: '正在初始化' : 將 'double' 轉換為 'int'，由於型別不同，可能導致資料遺失
     1>c:\users\sars0_000\documents\visual studio 2010\projects\homework0922\homework0922\Form1.h(2771): warning C4244: '正在初始化' : 將 'double' 轉換為 'int'，由於型別不同，可能導致資料遺失
     1>c:\users\sars0_000\documents\visual studio 2010\projects\homework0922\homework0922\Form1.h(2796): warning C4101: 'f2' : 未參考的區域變數
     1>c:\users\sars0_000\documents\visual studio 2010\projects\homework0922\homework0922\Form1.h(2796): warning C4101: 'f1' : 未參考的區域變數
         所有輸出都是最新的。
       CoreResGen:
         相對於資源的來源檔案，並沒有資源過期。將略過產生資源。
       ResourceCompile:
         所有輸出都是最新的。
       Link:
         C:\Program Files (x86)\Microsoft Visual Studio 10.0\VC\bin\link.exe /ERRORREPORT:PROMPT /OUT:"C:\Users\sars0_000\Documents\Visual Studio 2010\Projects\homework0922\Release\homework0922.exe" /INCREMENTAL:NO /NOLOGO /ASSEMBLYRESOURCE:Release\homework0922.Form1.resources /MANIFEST /ManifestFile:"Release\homework0922.exe.intermediate.manifest" /MANIFESTUAC:"level='asInvoker' uiAccess='false'" /DEBUG /PDB:"C:\Users\sars0_000\Documents\Visual Studio 2010\Projects\homework0922\Release\homework0922.pdb" /SUBSYSTEM:WINDOWS /TLBID:1 /ENTRY:"main" /DYNAMICBASE /FIXED:NO /NXCOMPAT /MACHINE:X86 Release\app.res
         Release\AssemblyInfo.obj
         Release\homework0922.obj
         Release\stdafx.obj
         "Release\.NETFramework,Version=v4.0.AssemblyAttributes.obj"
         homework0922.vcxproj -> C:\Users\sars0_000\Documents\Visual Studio 2010\Projects\homework0922\Release\homework0922.exe
       Manifest:
         C:\Program Files (x86)\Microsoft SDKs\Windows\v7.0A\bin\mt.exe /nologo /verbose /outputresource:"C:\Users\sars0_000\Documents\Visual Studio 2010\Projects\homework0922\Release\homework0922.exe;#1" /manifest Release\homework0922.exe.intermediate.manifest
       FinalizeBuildStatus:
         正在刪除檔案 "Release\homework0922.unsuccessfulbuild"。
         正在變更時間戳記 "Release\homework0922.lastbuildstate"。
     1>專案 "C:\Users\sars0_000\Documents\Visual Studio 2010\Projects\homework0922\homework0922\homework0922.vcxproj" (build 目標) 建置完成。

建置成功。

經過時間 00:00:04.95
